app/build/outputs/mapping/debug/seeds.txt
com.va.neoapp.presentation.chat.ChatActivity
com.va.neoapp.AppApplication
com.va.neoapp.presentation.chat.MessagingAct: MessagingAct()
com.va.neoapp.presentation.registration.RegistrationActivity: RegistrationActivity()
com.va.neoapp.presentation.splash.SplashActivity: SplashActivity()
com.va.neoapp.presentation.BaseActivity: BaseActivity()
com.va.neoapp.custom.CustomTextViewMedium: CustomTextViewMedium(android.content.Context,android.util.AttributeSet)
com.va.neoapp.presentation.BaseActivity
com.va.neoapp.presentation.login.LoginActivity
com.va.neoapp.custom.CustomTextViewMedium
com.va.neoapp.presentation.splash.SplashActivity
com.va.neoapp.presentation.registration.RegistrationActivity
com.va.neoapp.presentation.chat.MessagingAct
com.va.neoapp.AppApplication: AppApplication()
com.va.neoapp.presentation.chat.ChatActivity: ChatActivity()
com.va.neoapp.presentation.login.LoginActivity: LoginActivity()
...
androidx.constraintlayout.solver.SolverVariable$Type: androidx.constraintlayout.solver.SolverVariable$Type valueOf(java.lang.String)
androidx.appcompat.widget.AppCompatCheckBox: void setBackgroundResource(int)
com.google.android.material.bottomappbar.BottomAppBar$Behavior: BottomAppBar$Behavior(android.content.Context,android.util.AttributeSet)
androidx.appcompat.widget.ActionBarContainer
androidx.appcompat.widget.ContentFrameLayout: android.util.TypedValue getFixedHeightMajor()
androidx.appcompat.widget.AppCompatImageButton: android.graphics.PorterDuff$Mode getSupportBackgroundTintMode()
com.google.android.material.floatingactionbutton.FloatingActionButton: void setImageDrawable(android.graphics.drawable.Drawable)
androidx.vectordrawable.graphics.drawable.VectorDrawableCompat$VFullPath: float getTrimPathStart()
androidx.constraintlayout.widget.ConstraintAttribute$AttributeType: androidx.constraintlayout.widget.ConstraintAttribute$AttributeType valueOf(java.lang.String)
androidx.appcompat.widget.ScrollingTabContainerView: void setAllowCollapse(boolean)
com.google.android.material.floatingactionbutton.FloatingActionButton$BaseBehavior: FloatingActionButton$BaseBehavior()
androidx.core.app.ComponentActivity: ComponentActivity()
androidx.constraintlayout.widget.ConstraintLayout: int getMaxHeight()
androidx.appcompat.widget.FitWindowsFrameLayout: FitWindowsFrameLayout(android.content.Context,android.util.AttributeSet)
androidx.appcompat.widget.ActionBarContextView: java.lang.CharSequence getTitle()
androidx.appcompat.widget.AppCompatTextView: int getAutoSizeMinTextSize()
com.google.android.material.floatingactionbutton.ExtendedFloatingActionButton: void setShowMotionSpec(com.google.android.material.animation.MotionSpec)
com.google.android.material.chip.Chip: void setCheckableResource(int)
androidx.vectordrawable.graphics.drawable.VectorDrawableCompat$VGroup: void setTranslateY(float)
androidx.appcompat.widget.AppCompatImageView: android.graphics.PorterDuff$Mode getSupportImageTintMode()
androidx.appcompat.widget.AppCompatRadioButton: android.graphics.PorterDuff$Mode getSupportBackgroundTintMode()
com.google.android.material.textfield.TextInputLayout: int getHelperTextCurrentTextColor()
androidx.appcompat.widget.AbsActionBarView: void setContentHeight(int)
androidx.appcompat.widget.SearchView: void setSearchableInfo(android.app.SearchableInfo)
androidx.recyclerview.widget.RecyclerView: int getScrollState()
com.google.android.material.button.MaterialButton: void setBackgroundDrawable(android.graphics.drawable.Drawable)
androidx.appcompat.widget.AppCompatRadioButton: void setBackgroundResource(int)
com.google.android.material.textfield.TextInputLayout: void setEndIconTintMode(android.graphics.PorterDuff$Mode)
com.google.android.material.bottomappbar.BottomAppBar: void setTitle(java.lang.CharSequence)
androidx.appcompat.view.menu.ActionMenuItemView: void setExpandedFormat(boolean)
androidx.appcompat.widget.ActionBarContainer: void setStackedBackground(android.graphics.drawable.Drawable)
com.google.android.material.bottomappbar.BottomAppBar$SavedState: android.os.Parcelable$Creator CREATOR
com.google.android.material.snackbar.BaseTransientBottomBar$SnackbarBaseLayout: void setOnLayoutChangeListener(com.google.android.material.snackbar.BaseTransientBottomBar$OnLayoutChangeListener)
com.google.android.material.button.MaterialButton: void setShapeAppearanceModel(com.google.android.material.shape.ShapeAppearanceModel)
com.google.android.material.floatingactionbutton.ExtendedFloatingActionButton: void setAnimateShowBeforeLayout(boolean)
androidx.constraintlayout.widget.ConstraintLayout: int getMaxWidth()
androidx.appcompat.widget.AppCompatAutoCompleteTextView
com.google.android.material.textfield.TextInputLayout: void setCounterOverflowTextColor(android.content.res.ColorStateList)
androidx.fragment.app.FragmentState: android.os.Parcelable$Creator CREATOR