app/build/outputs/mapping/debug/mapping.txt
# compiler: R8
# compiler_version: 2.1.86
# min_api: 27
# pg_map_id: e30443b
# common_typos_disable
com.va.neoapp.AppApplication -> com.va.neoapp.AppApplication:
    8:8:void <init>() -> <init>
    18:20:void attachBaseContext(android.content.Context) -> attachBaseContext
    24:24:android.content.res.AssetManager getAssets() -> getAssets
    12:14:void onCreate() -> onCreate
com.va.neoapp.custom.CustomTextViewMedium -> com.va.neoapp.custom.CustomTextViewMedium:
    17:19:void <init>(android.content.Context,android.util.AttributeSet) -> <init>
    27:29:void init() -> f
com.va.neoapp.presentation.BaseActivity -> b.c.a.a.a:
    9:9:void <init>() -> <init>
    void initData() -> E
    void initGUI(android.os.Bundle) -> F
    int setLayoutResource() -> G
    13:18:void onCreate(android.os.Bundle) -> onCreate
com.va.neoapp.presentation.chat.ChatActivity -> com.va.neoapp.presentation.chat.ChatActivity:
    androidx.recyclerview.widget.RecyclerView userRecyclerView -> n
    19:19:void <init>() -> <init>
    52:52:void initData() -> E
    34:47:void initGUI(android.os.Bundle) -> F
    28:28:int setLayoutResource() -> G
    62:64:void onPause() -> onPause
    56:58:void onResume() -> onResume
com.va.neoapp.presentation.chat.MessagingAct -> com.va.neoapp.presentation.chat.MessagingAct:
    androidx.recyclerview.widget.RecyclerView chat_list_view -> n
    20:20:void <init>() -> <init>
    102:102:void initData() -> E
    34:45:void initGUI(android.os.Bundle) -> F
    29:29:int setLayoutResource() -> G
    117:123:void actionEvents() -> H
    112:114:void onPause() -> onPause
    106:108:void onResume() -> onResume
com.va.neoapp.presentation.chat.MessagingAct$1 -> com.va.neoapp.presentation.chat.MessagingAct$a:
    com.va.neoapp.presentation.chat.MessagingAct this$0 -> a
    117:117:void <init>(com.va.neoapp.presentation.chat.MessagingAct) -> <init>
    120:121:void onClick(android.view.View) -> onClick
com.va.neoapp.presentation.login.LoginActivity -> com.va.neoapp.presentation.login.LoginActivity:
    8:8:void <init>() -> <init>
    23:23:void initData() -> E
    18:18:void initGUI(android.os.Bundle) -> F
    12:12:int setLayoutResource() -> G
com.va.neoapp.presentation.registration.RegistrationActivity -> com.va.neoapp.presentation.registration.RegistrationActivity:
    8:8:void <init>() -> <init>
    23:23:void initData() -> E
    18:18:void initGUI(android.os.Bundle) -> F
    12:12:int setLayoutResource() -> G
com.va.neoapp.presentation.splash.SplashActivity -> com.va.neoapp.presentation.splash.SplashActivity:
    18:18:void <init>() -> <init>
    56:57:void initData() -> E
    28:51:void initGUI(android.os.Bundle) -> F
    22:22:int setLayoutResource() -> G
com.va.neoapp.presentation.splash.SplashActivity$1 -> com.va.neoapp.presentation.splash.SplashActivity$a:
    com.va.neoapp.presentation.splash.SplashActivity this$0 -> a
    28:28:void <init>(com.va.neoapp.presentation.splash.SplashActivity) -> <init>
    37:47:void run() -> run
com.va.neoapp.util.GlobalMethods -> b.c.a.b.a:
    207:210:void setServiceType(android.content.Context,java.lang.String) -> a
...
com.google.android.material.button.MaterialButtonHelper -> b.b.a.a.e.a:
    boolean shouldDrawSurfaceColorStroke -> n
    boolean backgroundOverwritten -> o
    boolean cornerRadiusSet -> p
    int strokeWidth -> h
    int insetBottom -> f
    int cornerRadius -> g
    int insetRight -> d
    int insetTop -> e
    boolean checkable -> q
    int insetLeft -> c
    android.graphics.PorterDuff$Mode backgroundTintMode -> i
    android.graphics.drawable.LayerDrawable rippleDrawable -> r
    com.google.android.material.button.MaterialButton materialButton -> a
    com.google.android.material.shape.ShapeAppearanceModel shapeAppearanceModel -> b
    android.content.res.ColorStateList backgroundTint -> j
    android.graphics.drawable.Drawable maskDrawable -> m
    android.content.res.ColorStateList rippleColor -> l
    android.content.res.ColorStateList strokeColor -> k
    int elevation -> s
    70:80:void <init>(com.google.android.material.button.MaterialButton,com.google.android.material.shape.ShapeAppearanceModel) -> <init>
    274:278:void setStrokeColor(android.content.res.ColorStateList) -> A
    286:290:void setStrokeWidth(int) -> B
    167:173:void setSupportBackgroundTintList(android.content.res.ColorStateList) -> C
    180:186:void setSupportBackgroundTintMode(android.graphics.PorterDuff$Mode) -> D
    411:429:void setVerticalInsets(int,int) -> E
    137:142:void updateBackground() -> F
com.google.android.material.button.MaterialButtonToggleGroup -> com.google.android.material.button.MaterialButtonToggleGroup:
    java.util.List originalCornerData -> a
    java.util.LinkedHashSet onButtonCheckedListeners -> d
    java.lang.String LOG_TAG -> k
    boolean selectionRequired -> i
    int checkedId -> j
    java.lang.Integer[] childOrder -> f
    boolean skipCheckedStateTracker -> g
    java.util.Comparator childOrderComparator -> e
    boolean singleSelection -> h
    com.google.android.material.button.MaterialButtonToggleGroup$CheckedStateTracker checkedStateTracker -> b
    com.google.android.material.button.MaterialButtonToggleGroup$PressedStateTracker pressedStateTracker -> c
    139:140:void <clinit>() -> <clinit>
    180:181:void <init>(android.content.Context,android.util.AttributeSet) -> <init>
    143:202:void <init>(android.content.Context,android.util.AttributeSet,int) -> <init>
    122:122:int access$200(com.google.android.material.button.MaterialButtonToggleGroup,android.view.View) -> a
    226:269:void addView(android.view.View,int,android.view.ViewGroup$LayoutParams) -> addView
    122:122:boolean access$300(com.google.android.material.button.MaterialButtonToggleGroup) -> b
    122:122:boolean access$400(com.google.android.material.button.MaterialButtonToggleGroup) -> c
    122:122:int access$502(com.google.android.material.button.MaterialButtonToggleGroup,int) -> d
    216:218:void dispatchDraw(android.graphics.Canvas) -> dispatchDraw
com.google.android.material.button.MaterialButtonToggleGroup$1 -> com.google.android.material.button.MaterialButtonToggleGroup$a:
    com.google.android.material.button.MaterialButtonToggleGroup this$0 -> a
    150:150:void <init>(com.google.android.material.button.MaterialButtonToggleGroup) -> <init>
    153:164:int compare(com.google.android.material.button.MaterialButton,com.google.android.material.button.MaterialButton) -> a
    150:150:int compare(java.lang.Object,java.lang.Object) -> compare
com.google.android.material.button.MaterialButtonToggleGroup$2 -> com.google.android.material.button.MaterialButtonToggleGroup$b:
    com.google.android.material.button.MaterialButtonToggleGroup this$0 -> d
    254:254:void <init>(com.google.android.material.button.MaterialButtonToggleGroup) -> <init>
    258:267:void onInitializeAccessibilityNodeInfo(android.view.View,androidx.core.view.accessibility.AccessibilityNodeInfoCompat) -> g