app/build/outputs/mapping/debug/usage.txt
com.va.neoapp.adapters.MessagesAdapter$OnItemClickListener
com.va.neoapp.webaccess.VersionControl$URLS
com.va.neoapp.BuildConfig
com.va.neoapp.custom.db.core.TableDetails
com.va.neoapp.presentation.chat.ChatActivity:
    private void actionEvents()
    private void fetchUsersList()
    private void updateUI(java.util.ArrayList)
    private android.app.ProgressDialog progressDialog
com.va.neoapp.webaccess.WebConstants
com.va.neoapp.util.DBUtil
com.va.neoapp.adapters.MessagesAdapter$ViewHolder
com.va.neoapp.R$layout
com.va.neoapp.R$bool
com.va.neoapp.R$integer
com.va.neoapp.R
com.va.neoapp.custom.db.DBSupportUtil
com.va.neoapp.util.SingletonClass
com.va.neoapp.presentation.chat.MessagingAct:
    private void showUI(java.lang.String)
    private void sendMessage(java.lang.String,java.lang.String,java.lang.String)
    private void readMessage(java.lang.String,java.lang.String,java.lang.String)
    private java.util.List chatItemList
com.va.neoapp.custom.db.DBSupportUtil$1
com.va.neoapp.custom.db.DBAction
com.va.neoapp.R$plurals
com.va.neoapp.adapters.ChatAdapter$ViewHolder$1
com.va.neoapp.custom.db.DBSupportUtil$OpenHelper
com.va.neoapp.R$dimen
com.va.neoapp.adapters.MessagesAdapter$ViewHolder$1
com.va.neoapp.custom.CustomTextViewLight
com.va.neoapp.R$style
com.va.neoapp.R$drawable
com.va.neoapp.util.GlobalMethods:
    public static void hideKeyboard(android.app.Activity)
    public static int getScreenHeight()
    public static int dpToPx(float,android.content.res.Resources)
    public static boolean isOnline(android.content.Context)
    public static void showNormalToast(android.app.Activity,java.lang.String,int)
    public static void showMessage(android.view.View,java.lang.String)
    public static boolean isGPSEnabled(android.content.Context)
    public static boolean isGPSServiceOn(android.content.Context)
    public static int getColor(android.content.Context,int)
    public static boolean isNull(java.lang.String)
    public static boolean isValidEmailAddress(java.lang.String)
    public static boolean isValidMobileNumber(java.lang.String)
    public static boolean isValidJson(java.lang.String)
    public static boolean isValidJsonArray(java.lang.String)
    public static void loadImageWithDefault(android.content.Context,java.lang.String,androidx.appcompat.widget.AppCompatImageView)
    public static android.app.ProgressDialog showProgress(android.content.Context)
    public static void hideProgress(android.app.ProgressDialog)
    public static java.lang.String getServiceType(android.content.Context)
    public static java.lang.String convertDatToTime(java.lang.String)
    public static void callForWordActivity(android.content.Context,java.lang.Class,android.os.Bundle,boolean,boolean)
com.va.neoapp.R$string
com.va.neoapp.models.ChatMain
com.va.neoapp.R$mipmap
com.va.neoapp.R$color
com.va.neoapp.R$xml
com.va.neoapp.adapters.ChatAdapter
com.va.neoapp.models.ChatItem
com.va.neoapp.adapters.ChatAdapter$ViewHolder
com.va.neoapp.custom.CustomTextViewMedium:
    public void <init>(android.content.Context,android.util.AttributeSet,int)
    public void <init>(android.content.Context)
com.va.neoapp.R$styleable
com.va.neoapp.presentation.BaseFragment
com.va.neoapp.adapters.MessagesAdapter
com.va.neoapp.R$attr
com.va.neoapp.R$id
com.va.neoapp.R$anim
com.va.neoapp.util.Constants
com.va.neoapp.custom.db.DBSupportUtil$QueryBuilders
com.va.neoapp.presentation.chat.ChatActivity$1
com.va.neoapp.R$animator
com.va.neoapp.R$interpolator
com.va.neoapp.custom.CustomTextView
com.va.neoapp.custom.db.util.ContentHelper
com.va.neoapp.adapters.ChatAdapter$OnItemClickListener
com.va.neoapp.webaccess.VersionControl
com.va.neoapp.custom.CustomTextViewSemiBold
com.va.neoapp.custom.db.Logger
com.va.neoapp.presentation.chat.ChatActivity:
    public java.util.ArrayList usersList
com.va.neoapp.util.GlobalMethods:
    public void <init>()
    public static void <clinit>()
    public static final synthetic boolean $assertionsDisabled
...
androidx.core.util.Preconditions:
    public static void checkArgument(boolean)
    public static void checkState(boolean,java.lang.String)
    public static void checkState(boolean)
    public static int checkArgumentNonnegative(int,java.lang.String)
    public static int checkArgumentInRange(int,int,int,java.lang.String)
    private void <init>()
com.google.gson.Gson$FutureTypeAdapter
com.google.android.material.transition.TransitionUtils
androidx.core.widget.CompoundButtonCompat:
    private void <init>()
    public static android.graphics.PorterDuff$Mode getButtonTintMode(android.widget.CompoundButton)
    private static final java.lang.String TAG
com.google.gson.annotations.Expose
com.google.android.material.floatingactionbutton.BaseMotionStrategy$1
androidx.core.text.TextUtilsCompat:
    public static java.lang.String htmlEncode(java.lang.String)
    private void <init>()
    private static final java.lang.String ARAB_SCRIPT_SUBTAG
    private static final java.lang.String HEBR_SCRIPT_SUBTAG
androidx.appcompat.resources.R$style
androidx.constraintlayout.utils.widget.ImageFilterView$ImageMatrix
androidx.core.app.NotificationCompat$Action$WearableExtender
com.google.android.material.internal.NavigationMenuPresenter$1
com.bumptech.glide.load.model.DataUrlLoader$DataDecoder
com.android.volley.AsyncRequestQueue$ThrowingCache
com.bumptech.glide.load.resource.bitmap.DrawableTransformation
androidx.core.view.ViewCompat$Api21Impl:
    private void <init>()
com.bumptech.glide.load.engine.EngineKeyFactory
androidx.dynamicanimation.R$style
android.support.v4.os.ResultReceiver$MyRunnable
androidx.constraintlayout.motion.widget.MotionLayout$Model
com.google.android.material.drawable.DrawableUtils:
    private void <init>()
    public static android.util.AttributeSet parseDrawableXml(android.content.Context,int,java.lang.CharSequence)
    public static void setRippleDrawableRadius(android.graphics.drawable.RippleDrawable,int)
androidx.constraintlayout.motion.widget.SplineSet$RotationXset
com.google.android.material.transition.platform.FadeThroughProvider$2
com.bumptech.glide.load.engine.bitmap_recycle.SizeStrategy$KeyPool
androidx.versionedparcelable.ParcelImpl:
    public void <init>(androidx.versionedparcelable.VersionedParcelable)
    public androidx.versionedparcelable.VersionedParcelable getVersionedParcel()
androidx.recyclerview.R$id
com.google.android.material.transition.ScaleProvider$1
androidx.appcompat.app.AppCompatDialog:
    public void <init>(android.content.Context)
    protected void <init>(android.content.Context,boolean,android.content.DialogInterface$OnCancelListener)
    public androidx.appcompat.app.ActionBar getSupportActionBar()